#
# A fatal error has been detected by the Java Runtime Environment:
#
#  SIGSEGV (0xb) at pc=0x00007fc959bf52a5, pid=53249, tid=0x00007fc95ebc5640
#
# JRE version: OpenJDK Runtime Environment (8.0_282-b08) (build 1.8.0_282-b08)
# Java VM: OpenJDK 64-Bit Server VM (25.282-b08 mixed mode linux-amd64 compressed oops)
# Problematic frame:
# C  [radeonsi_dri.so+0x9be2a5]
#
# Core dump written. Default location: /home/pallas/IdeaProjects/proyecto-desarrollo-software/core or core.53249
#
# If you would like to submit a bug report, please include
# instructions on how to reproduce the bug and visit:
#   https://github.com/corretto/corretto-8/issues/
# The crash happened outside the Java Virtual Machine in native code.
# See problematic frame for where to report the bug.
#

---------------  T H R E A D  ---------------

Current thread (0x00007fc974352000):  JavaThread "QuantumRenderer-0" daemon [_thread_in_native, id=53281, stack(0x00007fc95eac5000,0x00007fc95ebc6000)]

siginfo: si_signo: 11 (SIGSEGV), si_code: 1 (SEGV_MAPERR), si_addr: 0x0000000000000078

Registers:
RAX=0x0000000000000000, RBX=0x00007fc92012afc0, RCX=0x0000000000000079, RDX=0x0000000000000079
RSP=0x00007fc95ebc2880, RBP=0x00007fc9202b85c0, RSI=0x0000000000000000, RDI=0x00007fc92012afc0
R8 =0x00007fc92012b400, R9 =0x0000000000000078, R10=0x0000000000000000, R11=0x0000000001000100
R12=0x00007fc95ebc2ac0, R13=0x00007fc9202b8d38, R14=0x0000000000000000, R15=0x0000000000000000
RIP=0x00007fc959bf52a5, EFLAGS=0x0000000000010246, CSGSFS=0x002b000000000033, ERR=0x0000000000000004
  TRAPNO=0x000000000000000e

Top of Stack: (sp=0x00007fc95ebc2880)
0x00007fc95ebc2880:   0000000000000006 00007fc92012b400
0x00007fc95ebc2890:   0000000000000000 0000000000000000
0x00007fc95ebc28a0:   0000000000000000 00007fc92013bf58
0x00007fc95ebc28b0:   0000000000000000 0000000000000000
0x00007fc95ebc28c0:   0000000000000000 00007fc900000000
0x00007fc95ebc28d0:   00007fc95ebc2aa0 000000000000001f
0x00007fc95ebc28e0:   00007fc92012c498 000000000000000b
0x00007fc95ebc28f0:   00007fc920294840 00007fc959bf34ae
0x00007fc95ebc2900:   0000000000000001 0000000e0000000b
0x00007fc95ebc2910:   000000000000001f 00007fc920179b98
0x00007fc95ebc2920:   0000000000000000 0000000000000000
0x00007fc95ebc2930:   0000000000000000 0000000000000000
0x00007fc95ebc2940:   0000000000000000 0000000000000000
0x00007fc95ebc2950:   00007fc900000000 22bc9356fe645c00
0x00007fc95ebc2960:   000000000000000e 00007fc92012afc0
0x00007fc95ebc2970:   0000000000000010 0000000000000000
0x00007fc95ebc2980:   00007fc95ebc2ac0 0000000000000000
0x00007fc95ebc2990:   00000000000000f0 00007fc959be9187
0x00007fc95ebc29a0:   00007fc95ebc2a10 0000000000000000
0x00007fc95ebc29b0:   00007fc95ebc2a20 00007fc920294840
0x00007fc95ebc29c0:   00007fc92012afc0 00007fc959be93af
0x00007fc95ebc29d0:   0000000000000000 0000000100000014
0x00007fc95ebc29e0:   00007fc95ebc2aa0 00007fc95ebc2ac0
0x00007fc95ebc29f0:   00007fc9202b85c0 00007fc95ebc2a10
0x00007fc95ebc2a00:   00007fc95ebc2a10 0000000400000010
0x00007fc95ebc2a10:   0000000000000000 0000000000000000
0x00007fc95ebc2a20:   0000000000000000 0000000000000000
0x00007fc95ebc2a30:   0000000000000000 0000000000000000
0x00007fc95ebc2a40:   0000000000000e48 22bc9356fe645c00
0x00007fc95ebc2a50:   0000000000000000 00007fc95ebc2e84
0x00007fc95ebc2a60:   00007fc92012afc0 00007fc95ebc2ac0
0x00007fc95ebc2a70:   00007fc920294840 0000000000000800 

Instructions: (pc=0x00007fc959bf52a5)
0x00007fc959bf5285:   00 00 48 8b 83 30 04 00 00 48 8b 7c 24 08 ff 90
0x00007fc959bf5295:   e8 00 00 00 48 8b 85 e8 06 00 00 44 8b 54 24 10
0x00007fc959bf52a5:   4c 03 50 78 83 bd 60 08 00 00 01 75 07 49 81 c2
0x00007fc959bf52b5:   00 01 00 00 8b 88 94 00 00 00 48 8b 70 70 4c 89 

Register to memory mapping:

RAX=0x0000000000000000 is an unknown value
RBX=0x00007fc92012afc0 is an unknown value
RCX=0x0000000000000079 is an unknown value
RDX=0x0000000000000079 is an unknown value
RSP=0x00007fc95ebc2880 is pointing into the stack for thread: 0x00007fc974352000
RBP=0x00007fc9202b85c0 is an unknown value
RSI=0x0000000000000000 is an unknown value
RDI=0x00007fc92012afc0 is an unknown value
R8 =0x00007fc92012b400 is an unknown value
R9 =0x0000000000000078 is an unknown value
R10=0x0000000000000000 is an unknown value
R11=0x0000000001000100 is an unknown value
R12=0x00007fc95ebc2ac0 is pointing into the stack for thread: 0x00007fc974352000
R13=0x00007fc9202b8d38 is an unknown value
R14=0x0000000000000000 is an unknown value
R15=0x0000000000000000 is an unknown value


Stack: [0x00007fc95eac5000,0x00007fc95ebc6000],  sp=0x00007fc95ebc2880,  free space=1014k
Native frames: (J=compiled Java code, j=interpreted, Vv=VM code, C=native code)
C  [radeonsi_dri.so+0x9be2a5]

Java frames: (J=compiled Java code, j=interpreted, Vv=VM code)
j  com.sun.prism.es2.X11GLFactory.nInitialize([I)J+0
j  com.sun.prism.es2.X11GLFactory.initialize(Ljava/lang/Class;Lcom/sun/prism/es2/GLPixelFormat$Attributes;)Z+73
j  com.sun.prism.es2.ES2Pipeline.<clinit>()V+49
v  ~StubRoutines::call_stub
j  java.lang.Class.forName0(Ljava/lang/String;ZLjava/lang/ClassLoader;Ljava/lang/Class;)Ljava/lang/Class;+0
j  java.lang.Class.forName(Ljava/lang/String;)Ljava/lang/Class;+11
j  com.sun.prism.GraphicsPipeline.createPipeline()Lcom/sun/prism/GraphicsPipeline;+232
j  com.sun.javafx.tk.quantum.QuantumRenderer$PipelineRunnable.init()V+0
j  com.sun.javafx.tk.quantum.QuantumRenderer$PipelineRunnable.run()V+1
j  java.lang.Thread.run()V+11
v  ~StubRoutines::call_stub

---------------  P R O C E S S  ---------------

Java Threads: ( => current thread )
  0x00007fc940003000 JavaThread "SIGINT handler" daemon [_thread_blocked, id=53288, stack(0x00007fc95daf0000,0x00007fc95dbf1000)]
=>0x00007fc974352000 JavaThread "QuantumRenderer-0" daemon [_thread_in_native, id=53281, stack(0x00007fc95eac5000,0x00007fc95ebc6000)]
  0x00007fc940001000 JavaThread "Attach Listener" daemon [_thread_blocked, id=53280, stack(0x00007fc95ebc6000,0x00007fc95ecc7000)]
  0x00007fc974266800 JavaThread "Service Thread" daemon [_thread_blocked, id=53278, stack(0x00007fc95edc8000,0x00007fc95eec9000)]
  0x00007fc97425b800 JavaThread "C1 CompilerThread2" daemon [_thread_blocked, id=53277, stack(0x00007fc95eeca000,0x00007fc95efca000)]
  0x00007fc974259000 JavaThread "C2 CompilerThread1" daemon [_thread_blocked, id=53276, stack(0x00007fc95efcb000,0x00007fc95f0cb000)]
  0x00007fc974258000 JavaThread "C2 CompilerThread0" daemon [_thread_blocked, id=53275, stack(0x00007fc95f0cc000,0x00007fc95f1cc000)]
  0x00007fc97421c800 JavaThread "Monitor Ctrl-Break" daemon [_thread_in_native, id=53274, stack(0x00007fc95f1cc000,0x00007fc95f2cd000)]
  0x00007fc974183800 JavaThread "Signal Dispatcher" daemon [_thread_blocked, id=53268, stack(0x00007fc95f713000,0x00007fc95f814000)]
  0x00007fc974150800 JavaThread "Finalizer" daemon [_thread_blocked, id=53266, stack(0x00007fc95fafb000,0x00007fc95fbfc000)]
  0x00007fc97414c000 JavaThread "Reference Handler" daemon [_thread_blocked, id=53263, stack(0x00007fc95fbfc000,0x00007fc95fcfd000)]
  0x00007fc97400d000 JavaThread "main" [_thread_blocked, id=53251, stack(0x00007fc979513000,0x00007fc979613000)]

Other Threads:
  0x00007fc974142800 VMThread [stack: 0x00007fc95fcfe000,0x00007fc95fdfe000] [id=53261]

VM state:at safepoint (shutting down)

VM Mutex/Monitor currently owned by a thread:  ([mutex/lock_event])
[0x00007fc974009320] Threads_lock - owner thread: 0x00007fc974142800

heap address: 0x00000000cae00000, size: 850 MB, Compressed Oops mode: 32-bit
Narrow klass base: 0x0000000000000000, Narrow klass shift: 3
Compressed class space size: 1073741824 Address: 0x0000000100000000

Heap:
 PSYoungGen      total 16384K, used 8862K [0x00000000ee500000, 0x00000000ef700000, 0x0000000100000000)
  eden space 14336K, 61% used [0x00000000ee500000,0x00000000eeda7998,0x00000000ef300000)
  from space 2048K, 0% used [0x00000000ef500000,0x00000000ef500000,0x00000000ef700000)
  to   space 2048K, 0% used [0x00000000ef300000,0x00000000ef300000,0x00000000ef500000)
 ParOldGen       total 36864K, used 0K [0x00000000cae00000, 0x00000000cd200000, 0x00000000ee500000)
  object space 36864K, 0% used [0x00000000cae00000,0x00000000cae00000,0x00000000cd200000)
 Metaspace       used 5666K, capacity 5870K, committed 6144K, reserved 1056768K
  class space    used 638K, capacity 729K, committed 768K, reserved 1048576K

Card table byte_map: [0x00007fc978737000,0x00007fc9788e1000] byte_map_base: 0x00007fc9780e0000

Marking Bits: (ParMarkBitMap*) 0x00007fc97a784780
 Begin Bits: [0x00007fc95b570000, 0x00007fc95c2b8000)
 End Bits:   [0x00007fc95c2b8000, 0x00007fc95d000000)

Polling page: 0x00007fc97abd3000

CodeCache: size=245760Kb used=1848Kb max_used=1848Kb free=243911Kb
 bounds [0x00007fc965000000, 0x00007fc965270000, 0x00007fc974000000]
 total_blobs=689 nmethods=370 adapters=234
 compilation: enabled

Compilation events (10 events):
Event: 4.006 Thread 0x00007fc97425b800  366       3       java.security.CodeSource::getCertificates (98 bytes)
Event: 4.008 Thread 0x00007fc97425b800 nmethod 366 0x00007fc9651cc750 code [0x00007fc9651cc980, 0x00007fc9651cd578]
Event: 4.008 Thread 0x00007fc97425b800  367       1       java.util.jar.Manifest::getEntries (5 bytes)
Event: 4.008 Thread 0x00007fc97425b800 nmethod 367 0x00007fc9651cd990 code [0x00007fc9651cdae0, 0x00007fc9651cdbf0]
Event: 4.008 Thread 0x00007fc97425b800  368       1       java.util.jar.Manifest::getMainAttributes (5 bytes)
Event: 4.009 Thread 0x00007fc97425b800 nmethod 368 0x00007fc9651cdc50 code [0x00007fc9651cdda0, 0x00007fc9651cdeb0]
Event: 4.009 Thread 0x00007fc97425b800  369       1       java.util.jar.JarFile::access$300 (5 bytes)
Event: 4.009 Thread 0x00007fc97425b800 nmethod 369 0x00007fc9651cdf10 code [0x00007fc9651ce060, 0x00007fc9651ce150]
Event: 4.009 Thread 0x00007fc97425b800  370   !   3       java.util.zip.Inflater::ended (32 bytes)
Event: 4.010 Thread 0x00007fc97425b800 nmethod 370 0x00007fc9651ce1d0 code [0x00007fc9651ce340, 0x00007fc9651ce710]

GC Heap History (0 events):
No events

Deoptimization events (1 events):
Event: 2.471 Thread 0x00007fc97400d000 Uncommon trap: reason=null_check action=make_not_entrant pc=0x00007fc96510e604 method=java.lang.String.equals(Ljava/lang/Object;)Z @ 8

Classes redefined (0 events):
No events

Internal exceptions (10 events):
Event: 0.530 Thread 0x00007fc97400d000 Exception <a 'java/lang/NoSuchMethodError': Method sun.misc.Unsafe.defineClass(Ljava/lang/String;[BII)Ljava/lang/Class; name or signature does not match> (0x00000000ee508288) thrown at [/home/jenkins/node/workspace/Corretto8/generic_linux/x64/build/Corret
Event: 0.530 Thread 0x00007fc97400d000 Exception <a 'java/lang/NoSuchMethodError': Method sun.misc.Unsafe.prefetchRead(Ljava/lang/Object;J)V name or signature does not match> (0x00000000ee508570) thrown at [/home/jenkins/node/workspace/Corretto8/generic_linux/x64/build/Corretto8Src/installers/
Event: 1.943 Thread 0x00007fc940001000 Exception <a 'java/security/PrivilegedActionException'> (0x00000000ee8a2130) thrown at [/home/jenkins/node/workspace/Corretto8/generic_linux/x64/build/Corretto8Src/installers/linux/universal/tar/corretto-build/buildRoot/src/hotspot/src/share/vm/prims/jvm.
Event: 1.943 Thread 0x00007fc940001000 Exception <a 'java/security/PrivilegedActionException'> (0x00000000ee8a2528) thrown at [/home/jenkins/node/workspace/Corretto8/generic_linux/x64/build/Corretto8Src/installers/linux/universal/tar/corretto-build/buildRoot/src/hotspot/src/share/vm/prims/jvm.
Event: 1.945 Thread 0x00007fc940001000 Exception <a 'java/security/PrivilegedActionException'> (0x00000000ee8a4fb8) thrown at [/home/jenkins/node/workspace/Corretto8/generic_linux/x64/build/Corretto8Src/installers/linux/universal/tar/corretto-build/buildRoot/src/hotspot/src/share/vm/prims/jvm.
Event: 1.945 Thread 0x00007fc940001000 Exception <a 'java/security/PrivilegedActionException'> (0x00000000ee8a53b0) thrown at [/home/jenkins/node/workspace/Corretto8/generic_linux/x64/build/Corretto8Src/installers/linux/universal/tar/corretto-build/buildRoot/src/hotspot/src/share/vm/prims/jvm.
Event: 2.004 Thread 0x00007fc97400d000 Exception <a 'java/lang/NoSuchFieldError': method resolution failed> (0x00000000ee963c78) thrown at [/home/jenkins/node/workspace/Corretto8/generic_linux/x64/build/Corretto8Src/installers/linux/universal/tar/corretto-build/buildRoot/src/hotspot/src/share/
Event: 2.009 Thread 0x00007fc97400d000 Exception <a 'java/lang/NoSuchFieldError': method resolution failed> (0x00000000ee971518) thrown at [/home/jenkins/node/workspace/Corretto8/generic_linux/x64/build/Corretto8Src/installers/linux/universal/tar/corretto-build/buildRoot/src/hotspot/src/share/
Event: 2.239 Thread 0x00007fc97400d000 Exception <a 'java/lang/NullPointerException'> (0x00000000eea54b78) thrown at [/home/jenkins/node/workspace/Corretto8/generic_linux/x64/build/Corretto8Src/installers/linux/universal/tar/corretto-build/buildRoot/src/hotspot/src/share/vm/interpreter/linkRes
Event: 2.471 Thread 0x00007fc97400d000 Implicit null exception at 0x00007fc96510e415 to 0x00007fc96510e5f5

Events (10 events):
Event: 5.311 Executing VM operation: EnableBiasedLocking
Event: 5.311 Executing VM operation: EnableBiasedLocking done
Event: 8.336 loading class sun/misc/Signal$1
Event: 8.336 loading class sun/misc/Signal$1 done
Event: 8.337 Thread 0x00007fc940003000 Thread added: 0x00007fc940003000
Event: 8.338 loading class java/lang/Shutdown
Event: 8.371 loading class java/lang/Shutdown done
Event: 8.372 loading class java/lang/Shutdown$Lock
Event: 8.372 loading class java/lang/Shutdown$Lock done
Event: 11.222 Executing VM operation: Exit


Dynamic libraries:
cae00000-cd200000 rw-p 00000000 00:00 0 
cd200000-ee500000 ---p 00000000 00:00 0 
ee500000-ef700000 rw-p 00000000 00:00 0 
ef700000-100000000 ---p 00000000 00:00 0 
100000000-1000c0000 rw-p 00000000 00:00 0 
1000c0000-140000000 ---p 00000000 00:00 0 
55b909000000-55b909001000 r-xp 00000000 08:03 21234232                   /home/pallas/.jdks/corretto-1.8.0_282/bin/java
55b909200000-55b909201000 r--p 00000000 08:03 21234232                   /home/pallas/.jdks/corretto-1.8.0_282/bin/java
55b909201000-55b909202000 rw-p 00001000 08:03 21234232                   /home/pallas/.jdks/corretto-1.8.0_282/bin/java
55b9099db000-55b9099fc000 rw-p 00000000 00:00 0                          [heap]
7fc8e8000000-7fc8e8021000 rw-p 00000000 00:00 0 
7fc8e8021000-7fc8ec000000 ---p 00000000 00:00 0 
7fc8ec000000-7fc8ec021000 rw-p 00000000 00:00 0 
7fc8ec021000-7fc8f0000000 ---p 00000000 00:00 0 
7fc8f0000000-7fc8f0021000 rw-p 00000000 00:00 0 
7fc8f0021000-7fc8f4000000 ---p 00000000 00:00 0 
7fc8f4000000-7fc8f4021000 rw-p 00000000 00:00 0 
7fc8f4021000-7fc8f8000000 ---p 00000000 00:00 0 
7fc8f8000000-7fc8f8021000 rw-p 00000000 00:00 0 
7fc8f8021000-7fc8fc000000 ---p 00000000 00:00 0 
7fc8fc000000-7fc8fc021000 rw-p 00000000 00:00 0 
7fc8fc021000-7fc900000000 ---p 00000000 00:00 0 
7fc900000000-7fc900021000 rw-p 00000000 00:00 0 
7fc900021000-7fc904000000 ---p 00000000 00:00 0 
7fc9077ff000-7fc907800000 ---p 00000000 00:00 0 
7fc907800000-7fc908000000 rw-p 00000000 00:00 0 
7fc908000000-7fc908021000 rw-p 00000000 00:00 0 
7fc908021000-7fc90c000000 ---p 00000000 00:00 0 
7fc90c000000-7fc90c021000 rw-p 00000000 00:00 0 
7fc90c021000-7fc910000000 ---p 00000000 00:00 0 
7fc910000000-7fc910021000 rw-p 00000000 00:00 0 
7fc910021000-7fc914000000 ---p 00000000 00:00 0 
7fc914247000-7fc914248000 ---p 00000000 00:00 0 
7fc914248000-7fc914a48000 rw-p 00000000 00:00 0 
7fc914a48000-7fc9165a0000 r--p 00000000 08:03 7878514                    /usr/lib/libicudata.so.69.1
7fc9165a0000-7fc9165a1000 r--p 01b57000 08:03 7878514                    /usr/lib/libicudata.so.69.1
7fc9165a1000-7fc916df9000 r--p 00000000 08:03 7893082                    /usr/lib/libLLVM-11.so
7fc916df9000-7fc919f58000 r-xp 00858000 08:03 7893082                    /usr/lib/libLLVM-11.so
7fc919f58000-7fc91bb41000 r--p 039b7000 08:03 7893082                    /usr/lib/libLLVM-11.so
7fc91bb41000-7fc91bf88000 r--p 0559f000 08:03 7893082                    /usr/lib/libLLVM-11.so
7fc91bf88000-7fc91bf92000 rw-p 059e6000 08:03 7893082                    /usr/lib/libLLVM-11.so
7fc91bf92000-7fc91c000000 rw-p 00000000 00:00 0 
7fc91c000000-7fc91c074000 rw-p 00000000 00:00 0 
7fc91c074000-7fc920000000 ---p 00000000 00:00 0 
7fc920000000-7fc9202e1000 rw-p 00000000 00:00 0 
7fc9202e1000-7fc924000000 ---p 00000000 00:00 0 
7fc924000000-7fc924021000 rw-p 00000000 00:00 0 
7fc924021000-7fc928000000 ---p 00000000 00:00 0 
7fc928000000-7fc928021000 rw-p 00000000 00:00 0 
7fc928021000-7fc92c000000 ---p 00000000 00:00 0 
7fc92c000000-7fc92c070000 rw-p 00000000 00:00 0 
7fc92c070000-7fc930000000 ---p 00000000 00:00 0 
7fc930000000-7fc930173000 rw-p 00000000 00:00 0 
7fc930173000-7fc934000000 ---p 00000000 00:00 0 
7fc934000000-7fc934021000 rw-p 00000000 00:00 0 
7fc934021000-7fc938000000 ---p 00000000 00:00 0 
7fc938000000-7fc938087000 rw-p 00000000 00:00 0 
7fc938087000-7fc93c000000 ---p 00000000 00:00 0 
7fc93c000000-7fc93c021000 rw-p 00000000 00:00 0 
7fc93c021000-7fc940000000 ---p 00000000 00:00 0 
7fc940000000-7fc940021000 rw-p 00000000 00:00 0 
7fc940021000-7fc944000000 ---p 00000000 00:00 0 
7fc944000000-7fc944021000 rw-p 00000000 00:00 0 
7fc944021000-7fc948000000 ---p 00000000 00:00 0 
7fc948000000-7fc948021000 rw-p 00000000 00:00 0 
7fc948021000-7fc94c000000 ---p 00000000 00:00 0 
7fc94c000000-7fc94c021000 rw-p 00000000 00:00 0 
7fc94c021000-7fc950000000 ---p 00000000 00:00 0 
7fc950000000-7fc950021000 rw-p 00000000 00:00 0 
7fc950021000-7fc954000000 ---p 00000000 00:00 0 
7fc954000000-7fc954021000 rw-p 00000000 00:00 0 
7fc954021000-7fc958000000 ---p 00000000 00:00 0 
7fc958235000-7fc958236000 ---p 00000000 00:00 0 
7fc958236000-7fc958a36000 rw-p 00000000 00:00 0 
7fc958e37000-7fc959237000 rw-s 10a60a000 00:05 424                       /dev/dri/renderD128
7fc959237000-7fc9593c6000 r--p 00000000 08:03 9439162                    /usr/lib/dri/radeonsi_dri.so
7fc9593c6000-7fc95a3c0000 r-xp 0018f000 08:03 9439162                    /usr/lib/dri/radeonsi_dri.so
7fc95a3c0000-7fc95a828000 r--p 01189000 08:03 9439162                    /usr/lib/dri/radeonsi_dri.so
7fc95a828000-7fc95a829000 ---p 015f1000 08:03 9439162                    /usr/lib/dri/radeonsi_dri.so
7fc95a829000-7fc95a969000 r--p 015f1000 08:03 9439162                    /usr/lib/dri/radeonsi_dri.so
7fc95a969000-7fc95aa9d000 rw-p 01731000 08:03 9439162                    /usr/lib/dri/radeonsi_dri.so
7fc95aa9d000-7fc95b2b0000 rw-p 00000000 00:00 0 
7fc95b2b0000-7fc95b570000 ---p 00000000 00:00 0 
7fc95b570000-7fc95d000000 rw-p 00000000 00:00 0 
7fc95d1ae000-7fc95d2ef000 rw-s 00000000 08:03 19399268                   /home/pallas/.cache/mesa_shader_cache/index
7fc95d2ef000-7fc95d2f0000 ---p 00000000 00:00 0 
7fc95d2f0000-7fc95daf0000 rw-p 00000000 00:00 0 
7fc95daf0000-7fc95daf3000 ---p 00000000 00:00 0 
7fc95daf3000-7fc95dbf1000 rw-p 00000000 00:00 0 
7fc95dbf1000-7fc95dbf4000 r--p 00000000 08:03 7877604                    /usr/lib/liblzma.so.5.2.5
7fc95dbf4000-7fc95dc0b000 r-xp 00003000 08:03 7877604                    /usr/lib/liblzma.so.5.2.5
7fc95dc0b000-7fc95dc16000 r--p 0001a000 08:03 7877604                    /usr/lib/liblzma.so.5.2.5
7fc95dc16000-7fc95dc17000 ---p 00025000 08:03 7877604                    /usr/lib/liblzma.so.5.2.5
7fc95dc17000-7fc95dc18000 r--p 00025000 08:03 7877604                    /usr/lib/liblzma.so.5.2.5
7fc95dc18000-7fc95dc19000 rw-p 00026000 08:03 7877604                    /usr/lib/liblzma.so.5.2.5
7fc95dc19000-7fc95dc7f000 r--p 00000000 08:03 7878529                    /usr/lib/libicuuc.so.69.1
7fc95dc7f000-7fc95dd6d000 r-xp 00066000 08:03 7878529                    /usr/lib/libicuuc.so.69.1
7fc95dd6d000-7fc95ddf5000 r--p 00154000 08:03 7878529                    /usr/lib/libicuuc.so.69.1
7fc95ddf5000-7fc95ddf6000 ---p 001dc000 08:03 7878529                    /usr/lib/libicuuc.so.69.1
7fc95ddf6000-7fc95de09000 r--p 001dc000 08:03 7878529                    /usr/lib/libicuuc.so.69.1
7fc95de09000-7fc95de0a000 rw-p 001ef000 08:03 7878529                    /usr/lib/libicuuc.so.69.1
7fc95de0a000-7fc95de0c000 rw-p 00000000 00:00 0 
7fc95de0c000-7fc95de3a000 r--p 00000000 08:03 7878552                    /usr/lib/libxml2.so.2.9.10
7fc95de3a000-7fc95df23000 r-xp 0002e000 08:03 7878552                    /usr/lib/libxml2.so.2.9.10
7fc95df23000-7fc95df6e000 r--p 00117000 08:03 7878552                    /usr/lib/libxml2.so.2.9.10
7fc95df6e000-7fc95df77000 r--p 00161000 08:03 7878552                    /usr/lib/libxml2.so.2.9.10
7fc95df77000-7fc95df78000 rw-p 0016a000 08:03 7878552                    /usr/lib/libxml2.so.2.9.10
7fc95df78000-7fc95df7a000 rw-p 00000000 00:00 0 
7fc95df7a000-7fc95df91000 r--p 00000000 08:03 7868644                    /usr/lib/libncursesw.so.6.2
7fc95df91000-7fc95dfcc000 r-xp 00017000 08:03 7868644                    /usr/lib/libncursesw.so.6.2
7fc95dfcc000-7fc95dfe4000 r--p 00052000 08:03 7868644                    /usr/lib/libncursesw.so.6.2
7fc95dfe4000-7fc95dfe9000 r--p 00069000 08:03 7868644                    /usr/lib/libncursesw.so.6.2
7fc95dfe9000-7fc95dfea000 rw-p 0006e000 08:03 7868644                    /usr/lib/libncursesw.so.6.2
7fc95dfea000-7fc95dff3000 r--p 00000000 08:03 7888865                    /usr/lib/libedit.so.0.0.65
7fc95dff3000-7fc95e010000 r-xp 00009000 08:03 7888865                    /usr/lib/libedit.so.0.0.65
7fc95e010000-7fc95e01e000 r--p 00026000 08:03 7888865                    /usr/lib/libedit.so.0.0.65
7fc95e01e000-7fc95e01f000 ---p 00034000 08:03 7888865                    /usr/lib/libedit.so.0.0.65
7fc95e01f000-7fc95e021000 r--p 00034000 08:03 7888865                    /usr/lib/libedit.so.0.0.65
7fc95e021000-7fc95e022000 rw-p 00036000 08:03 7888865                    /usr/lib/libedit.so.0.0.65
7fc95e022000-7fc95e025000 rw-p 00000000 00:00 0 
7fc95e025000-7fc95e027000 r--p 00000000 08:03 7878084                    /usr/lib/libffi.so.7.1.0
7fc95e027000-7fc95e02d000 r-xp 00002000 08:03 7878084                    /usr/lib/libffi.so.7.1.0
7fc95e02d000-7fc95e02f000 r--p 00008000 08:03 7878084                    /usr/lib/libffi.so.7.1.0
7fc95e02f000-7fc95e030000 r--p 00009000 08:03 7878084                    /usr/lib/libffi.so.7.1.0
7fc95e030000-7fc95e031000 rw-p 0000a000 08:03 7878084                    /usr/lib/libffi.so.7.1.0
7fc95e031000-7fc95e034000 r--p 00000000 08:03 7868552                    /usr/lib/libgcc_s.so.1
7fc95e034000-7fc95e046000 r-xp 00003000 08:03 7868552                    /usr/lib/libgcc_s.so.1
7fc95e046000-7fc95e049000 r--p 00015000 08:03 7868552                    /usr/lib/libgcc_s.so.1
7fc95e049000-7fc95e04a000 ---p 00018000 08:03 7868552                    /usr/lib/libgcc_s.so.1
7fc95e04a000-7fc95e04b000 r--p 00018000 08:03 7868552                    /usr/lib/libgcc_s.so.1
7fc95e04b000-7fc95e04c000 rw-p 00019000 08:03 7868552                    /usr/lib/libgcc_s.so.1
7fc95e04c000-7fc95e0e5000 r--p 00000000 08:03 7868584                    /usr/lib/libstdc++.so.6.0.29
7fc95e0e5000-7fc95e1e5000 r-xp 00099000 08:03 7868584                    /usr/lib/libstdc++.so.6.0.29
7fc95e1e5000-7fc95e251000 r--p 00199000 08:03 7868584                    /usr/lib/libstdc++.so.6.0.29
7fc95e251000-7fc95e25e000 r--p 00204000 08:03 7868584                    /usr/lib/libstdc++.so.6.0.29
7fc95e25e000-7fc95e25f000 rw-p 00211000 08:03 7868584                    /usr/lib/libstdc++.so.6.0.29
7fc95e25f000-7fc95e262000 rw-p 00000000 00:00 0 
7fc95e262000-7fc95e277000 r--p 00000000 08:03 7893118                    /usr/lib/libvulkan.so.1.2.177
7fc95e277000-7fc95e2aa000 r-xp 00015000 08:03 7893118                    /usr/lib/libvulkan.so.1.2.177
7fc95e2aa000-7fc95e2bf000 r--p 00048000 08:03 7893118                    /usr/lib/libvulkan.so.1.2.177
7fc95e2bf000-7fc95e2c2000 r--p 0005c000 08:03 7893118                    /usr/lib/libvulkan.so.1.2.177
7fc95e2c2000-7fc95e2c3000 rw-p 0005f000 08:03 7893118                    /usr/lib/libvulkan.so.1.2.177
7fc95e2c3000-7fc95e2c5000 r--p 00000000 08:03 7892972                    /usr/lib/libdrm_nouveau.so.2.0.0
7fc95e2c5000-7fc95e2c9000 r-xp 00002000 08:03 7892972                    /usr/lib/libdrm_nouveau.so.2.0.0
7fc95e2c9000-7fc95e2cb000 r--p 00006000 08:03 7892972                    /usr/lib/libdrm_nouveau.so.2.0.0
7fc95e2cb000-7fc95e2cc000 r--p 00007000 08:03 7892972                    /usr/lib/libdrm_nouveau.so.2.0.0
7fc95e2cc000-7fc95e2cd000 rw-p 00008000 08:03 7892972                    /usr/lib/libdrm_nouveau.so.2.0.0
7fc95e2cd000-7fc95e2d0000 r--p 00000000 08:03 7892966                    /usr/lib/libdrm_amdgpu.so.1.0.0
7fc95e2d0000-7fc95e2d5000 r-xp 00003000 08:03 7892966                    /usr/lib/libdrm_amdgpu.so.1.0.0
7fc95e2d5000-7fc95e2d7000 r--p 00008000 08:03 7892966                    /usr/lib/libdrm_amdgpu.so.1.0.0
7fc95e2d7000-7fc95e2d8000 r--p 00009000 08:03 7892966                    /usr/lib/libdrm_amdgpu.so.1.0.0
7fc95e2d8000-7fc95e2d9000 rw-p 0000a000 08:03 7892966                    /usr/lib/libdrm_amdgpu.so.1.0.0
7fc95e2d9000-7fc95e2dc000 r--p 00000000 08:03 7882173                    /usr/lib/libelf-0.184.so
7fc95e2dc000-7fc95e2ec000 r-xp 00003000 08:03 7882173                    /usr/lib/libelf-0.184.so
7fc95e2ec000-7fc95e2f0000 r--p 00013000 08:03 7882173                    /usr/lib/libelf-0.184.so
7fc95e2f0000-7fc95e2f1000 ---p 00017000 08:03 7882173                    /usr/lib/libelf-0.184.so
7fc95e2f1000-7fc95e2f2000 r--p 00017000 08:03 7882173                    /usr/lib/libelf-0.184.so
7fc95e2f2000-7fc95e2f3000 rw-p 00018000 08:03 7882173                    /usr/lib/libelf-0.184.so
7fc95e2f3000-7fc95e2f5000 r--p 00000000 08:03 7892975                    /usr/lib/libdrm_radeon.so.1.0.1
7fc95e2f5000-7fc95e2fc000 r-xp 00002000 08:03 7892975                    /usr/lib/libdrm_radeon.so.1.0.1
7fc95e2fc000-7fc95e300000 r--p 00009000 08:03 7892975                    /usr/lib/libdrm_radeon.so.1.0.1
7fc95e300000-7fc95e301000 r--p 0000c000 08:03 7892975                    /usr/lib/libdrm_radeon.so.1.0.1
7fc95e301000-7fc95e302000 rw-p 0000d000 08:03 7892975                    /usr/lib/libdrm_radeon.so.1.0.1
7fc95e302000-7fc95e305000 r--p 00000000 08:03 7893099                    /usr/lib/libsensors.so.5.0.0
7fc95e305000-7fc95e30c000 r-xp 00003000 08:03 7893099                    /usr/lib/libsensors.so.5.0.0
7fc95e30c000-7fc95e311000 r--p 0000a000 08:03 7893099                    /usr/lib/libsensors.so.5.0.0
7fc95e311000-7fc95e312000 r--p 0000e000 08:03 7893099                    /usr/lib/libsensors.so.5.0.0
7fc95e312000-7fc95e313000 rw-p 0000f000 08:03 7893099                    /usr/lib/libsensors.so.5.0.0
7fc95e313000-7fc95e318000 r--p 00000000 08:03 7878189                    /usr/lib/libzstd.so.1.5.0
7fc95e318000-7fc95e40c000 r-xp 00005000 08:03 7878189                    /usr/lib/libzstd.so.1.5.0
7fc95e40c000-7fc95e41f000 r--p 000f9000 08:03 7878189                    /usr/lib/libzstd.so.1.5.0
7fc95e41f000-7fc95e420000 ---p 0010c000 08:03 7878189                    /usr/lib/libzstd.so.1.5.0
7fc95e420000-7fc95e421000 r--p 0010c000 08:03 7878189                    /usr/lib/libzstd.so.1.5.0
7fc95e421000-7fc95e422000 rw-p 0010d000 08:03 7878189                    /usr/lib/libzstd.so.1.5.0
7fc95e422000-7fc95e425000 r--p 00000000 08:03 7877575                    /usr/lib/libz.so.1.2.11
7fc95e425000-7fc95e433000 r-xp 00003000 08:03 7877575                    /usr/lib/libz.so.1.2.11
7fc95e433000-7fc95e439000 r--p 00011000 08:03 7877575                    /usr/lib/libz.so.1.2.11
7fc95e439000-7fc95e43a000 ---p 00017000 08:03 7877575                    /usr/lib/libz.so.1.2.11
7fc95e43a000-7fc95e43b000 r--p 00017000 08:03 7877575                    /usr/lib/libz.so.1.2.11
7fc95e43b000-7fc95e43c000 rw-p 00018000 08:03 7877575                    /usr/lib/libz.so.1.2.11
7fc95e43c000-7fc95e43f000 r--p 00000000 08:03 7889670                    /usr/lib/libxcb-xfixes.so.0.0.0
7fc95e43f000-7fc95e442000 r-xp 00003000 08:03 7889670                    /usr/lib/libxcb-xfixes.so.0.0.0
7fc95e442000-7fc95e443000 r--p 00006000 08:03 7889670                    /usr/lib/libxcb-xfixes.so.0.0.0
7fc95e443000-7fc95e444000 ---p 00007000 08:03 7889670                    /usr/lib/libxcb-xfixes.so.0.0.0
7fc95e444000-7fc95e445000 r--p 00007000 08:03 7889670                    /usr/lib/libxcb-xfixes.so.0.0.0
7fc95e445000-7fc95e446000 rw-p 00008000 08:03 7889670                    /usr/lib/libxcb-xfixes.so.0.0.0
7fc95e446000-7fc95e447000 r--p 00000000 08:03 7893061                    /usr/lib/libxshmfence.so.1.0.0
7fc95e447000-7fc95e448000 r-xp 00001000 08:03 7893061                    /usr/lib/libxshmfence.so.1.0.0
7fc95e448000-7fc95e449000 r--p 00002000 08:03 7893061                    /usr/lib/libxshmfence.so.1.0.0
7fc95e449000-7fc95e44a000 r--p 00002000 08:03 7893061                    /usr/lib/libxshmfence.so.1.0.0
7fc95e44a000-7fc95e44b000 rw-p 00003000 08:03 7893061                    /usr/lib/libxshmfence.so.1.0.0
7fc95e44b000-7fc95e44e000 r--p 00000000 08:03 7889664                    /usr/lib/libxcb-sync.so.1.0.0
7fc95e44e000-7fc95e451000 r-xp 00003000 08:03 7889664                    /usr/lib/libxcb-sync.so.1.0.0
7fc95e451000-7fc95e452000 r--p 00006000 08:03 7889664                    /usr/lib/libxcb-sync.so.1.0.0
7fc95e452000-7fc95e453000 ---p 00007000 08:03 7889664                    /usr/lib/libxcb-sync.so.1.0.0
7fc95e453000-7fc95e454000 r--p 00007000 08:03 7889664                    /usr/lib/libxcb-sync.so.1.0.0
7fc95e454000-7fc95e455000 rw-p 00008000 08:03 7889664                    /usr/lib/libxcb-sync.so.1.0.0
7fc95e455000-7fc95e456000 r--p 00000000 08:03 7889640                    /usr/lib/libxcb-present.so.0.0.0
7fc95e456000-7fc95e457000 r-xp 00001000 08:03 7889640                    /usr/lib/libxcb-present.so.0.0.0
7fc95e457000-7fc95e458000 r--p 00002000 08:03 7889640                    /usr/lib/libxcb-present.so.0.0.0
7fc95e458000-7fc95e459000 r--p 00002000 08:03 7889640                    /usr/lib/libxcb-present.so.0.0.0
7fc95e459000-7fc95e45a000 rw-p 00003000 08:03 7889640                    /usr/lib/libxcb-present.so.0.0.0
7fc95e45a000-7fc95e45c000 r--p 00000000 08:03 7889634                    /usr/lib/libxcb-dri3.so.0.0.0
7fc95e45c000-7fc95e45d000 r-xp 00002000 08:03 7889634                    /usr/lib/libxcb-dri3.so.0.0.0
7fc95e45d000-7fc95e45e000 r--p 00003000 08:03 7889634                    /usr/lib/libxcb-dri3.so.0.0.0
7fc95e45e000-7fc95e45f000 r--p 00003000 08:03 7889634                    /usr/lib/libxcb-dri3.so.0.0.0
7fc95e45f000-7fc95e460000 rw-p 00004000 08:03 7889634                    /usr/lib/libxcb-dri3.so.0.0.0
7fc95e460000-7fc95e464000 r--p 00000000 08:03 7879350                    /usr/lib/libexpat.so.1.7.0
7fc95e464000-7fc95e481000 r-xp 00004000 08:03 7879350                    /usr/lib/libexpat.so.1.7.0
7fc95e481000-7fc95e48b000 r--p 00021000 08:03 7879350                    /usr/lib/libexpat.so.1.7.0
7fc95e48b000-7fc95e48c000 ---p 0002b000 08:03 7879350                    /usr/lib/libexpat.so.1.7.0
7fc95e48c000-7fc95e48e000 r--p 0002b000 08:03 7879350                    /usr/lib/libexpat.so.1.7.0
7fc95e48e000-7fc95e48f000 rw-p 0002d000 08:03 7879350                    /usr/lib/libexpat.so.1.7.0
7fc95e48f000-7fc95e490000 r--p 00000000 08:03 7889661                    /usr/lib/libxcb-shm.so.0.0.0
7fc95e490000-7fc95e491000 r-xp 00001000 08:03 7889661                    /usr/lib/libxcb-shm.so.0.0.0
7fc95e491000-7fc95e492000 r--p 00002000 08:03 7889661                    /usr/lib/libxcb-shm.so.0.0.0
7fc95e492000-7fc95e493000 r--p 00002000 08:03 7889661                    /usr/lib/libxcb-shm.so.0.0.0
7fc95e493000-7fc95e494000 rw-p 00003000 08:03 7889661                    /usr/lib/libxcb-shm.so.0.0.0
7fc95e494000-7fc95e496000 r--p 00000000 08:03 7893053                    /usr/lib/libXfixes.so.3.1.0
7fc95e496000-7fc95e499000 r-xp 00002000 08:03 7893053                    /usr/lib/libXfixes.so.3.1.0
7fc95e499000-7fc95e49a000 r--p 00005000 08:03 7893053                    /usr/lib/libXfixes.so.3.1.0
7fc95e49a000-7fc95e49b000 ---p 00006000 08:03 7893053                    /usr/lib/libXfixes.so.3.1.0
7fc95e49b000-7fc95e49c000 r--p 00006000 08:03 7893053                    /usr/lib/libXfixes.so.3.1.0
7fc95e49c000-7fc95e49d000 rw-p 00007000 08:03 7893053                    /usr/lib/libXfixes.so.3.1.0
7fc95e49d000-7fc95e49f000 r--p 00000000 08:03 7889631                    /usr/lib/libxcb-dri2.so.0.0.0
7fc95e49f000-7fc95e4a1000 r-xp 00002000 08:03 7889631                    /usr/lib/libxcb-dri2.so.0.0.0
7fc95e4a1000-7fc95e4a2000 r--p 00004000 08:03 7889631                    /usr/lib/libxcb-dri2.so.0.0.0
7fc95e4a2000-7fc95e4a3000 r--p 00004000 08:03 7889631                    /usr/lib/libxcb-dri2.so.0.0.0
7fc95e4a3000-7fc95e4a4000 rw-p 00005000 08:03 7889631                    /usr/lib/libxcb-dri2.so.0.0.0
7fc95e4a4000-7fc95e4a5000 r--p 00000000 08:03 7891991                    /usr/lib/libX11-xcb.so.1.0.0
7fc95e4a5000-7fc95e4a6000 r-xp 00001000 08:03 7891991                    /usr/lib/libX11-xcb.so.1.0.0
7fc95e4a6000-7fc95e4a7000 r--p 00002000 08:03 7891991                    /usr/lib/libX11-xcb.so.1.0.0
7fc95e4a7000-7fc95e4a8000 r--p 00002000 08:03 7891991                    /usr/lib/libX11-xcb.so.1.0.0
7fc95e4a8000-7fc95e4a9000 rw-p 00003000 08:03 7891991                    /usr/lib/libX11-xcb.so.1.0.0
7fc95e4a9000-7fc95e4b5000 r--p 00000000 08:03 7889637                    /usr/lib/libxcb-glx.so.0.0.0
7fc95e4b5000-7fc95e4be000 r-xp 0000c000 08:03 7889637                    /usr/lib/libxcb-glx.so.0.0.0
7fc95e4be000-7fc95e4c3000 r--p 00015000 08:03 7889637                    /usr/lib/libxcb-glx.so.0.0.0
7fc95e4c3000-7fc95e4c4000 ---p 0001a000 08:03 7889637                    /usr/lib/libxcb-glx.so.0.0.0
7fc95e4c4000-7fc95e4c6000 r--p 0001a000 08:03 7889637                    /usr/lib/libxcb-glx.so.0.0.0
7fc95e4c6000-7fc95e4c7000 rw-p 0001c000 08:03 7889637                    /usr/lib/libxcb-glx.so.0.0.0
7fc95e4c7000-7fc95e4cc000 r--p 00000000 08:03 7892963                    /usr/lib/libdrm.so.2.4.0
7fc95e4cc000-7fc95e4d6000 r-xp 00005000 08:03 7892963                    /usr/lib/libdrm.so.2.4.0
7fc95e4d6000-7fc95e4da000 r--p 0000f000 08:03 7892963                    /usr/lib/libdrm.so.2.4.0
7fc95e4da000-7fc95e4db000 r--p 00012000 08:03 7892963                    /usr/lib/libdrm.so.2.4.0
7fc95e4db000-7fc95e4dc000 rw-p 00013000 08:03 7892963                    /usr/lib/libdrm.so.2.4.0
7fc95e4dc000-7fc95e4e9000 r--p 00000000 08:03 7893146                    /usr/lib/libglapi.so.0.0.0
7fc95e4e9000-7fc95e4f7000 r-xp 0000d000 08:03 7893146                    /usr/lib/libglapi.so.0.0.0
7fc95e4f7000-7fc95e510000 r--p 0001b000 08:03 7893146                    /usr/lib/libglapi.so.0.0.0
7fc95e510000-7fc95e511000 ---p 00034000 08:03 7893146                    /usr/lib/libglapi.so.0.0.0
7fc95e511000-7fc95e515000 r--p 00034000 08:03 7893146                    /usr/lib/libglapi.so.0.0.0
7fc95e515000-7fc95e516000 rw-p 00038000 08:03 7893146                    /usr/lib/libglapi.so.0.0.0
7fc95e516000-7fc95e517000 rw-p 00000000 00:00 0 
7fc95e517000-7fc95e530000 r--p 00000000 08:03 7893133                    /usr/lib/libGLX_mesa.so.0.0.0
7fc95e530000-7fc95e574000 r-xp 00019000 08:03 7893133                    /usr/lib/libGLX_mesa.so.0.0.0
7fc95e574000-7fc95e58b000 r--p 0005d000 08:03 7893133                    /usr/lib/libGLX_mesa.so.0.0.0
7fc95e58b000-7fc95e58c000 ---p 00074000 08:03 7893133                    /usr/lib/libGLX_mesa.so.0.0.0
7fc95e58c000-7fc95e58f000 r--p 00074000 08:03 7893133                    /usr/lib/libGLX_mesa.so.0.0.0
7fc95e58f000-7fc95e590000 rw-p 00077000 08:03 7893133                    /usr/lib/libGLX_mesa.so.0.0.0
7fc95e590000-7fc95e592000 r--p 00000000 08:03 7889605                    /usr/lib/libXdmcp.so.6.0.0
7fc95e592000-7fc95e594000 r-xp 00002000 08:03 7889605                    /usr/lib/libXdmcp.so.6.0.0
7fc95e594000-7fc95e596000 r--p 00004000 08:03 7889605                    /usr/lib/libXdmcp.so.6.0.0
7fc95e596000-7fc95e597000 r--p 00005000 08:03 7889605                    /usr/lib/libXdmcp.so.6.0.0
7fc95e597000-7fc95e598000 rw-p 00006000 08:03 7889605                    /usr/lib/libXdmcp.so.6.0.0
7fc95e598000-7fc95e599000 r--p 00000000 08:03 7889609                    /usr/lib/libXau.so.6.0.0
7fc95e599000-7fc95e59a000 r-xp 00001000 08:03 7889609                    /usr/lib/libXau.so.6.0.0
7fc95e59a000-7fc95e59b000 r--p 00002000 08:03 7889609                    /usr/lib/libXau.so.6.0.0
7fc95e59b000-7fc95e59c000 r--p 00002000 08:03 7889609                    /usr/lib/libXau.so.6.0.0
7fc95e59c000-7fc95e59d000 rw-p 00003000 08:03 7889609                    /usr/lib/libXau.so.6.0.0
7fc95e59d000-7fc95e5a0000 r--p 00000000 08:03 7893175                    /usr/lib/libGLX.so.0.0.0
7fc95e5a0000-7fc95e5ba000 r-xp 00003000 08:03 7893175                    /usr/lib/libGLX.so.0.0.0
7fc95e5ba000-7fc95e5bd000 r--p 0001d000 08:03 7893175                    /usr/lib/libGLX.so.0.0.0
7fc95e5bd000-7fc95e5be000 ---p 00020000 08:03 7893175                    /usr/lib/libGLX.so.0.0.0
7fc95e5be000-7fc95e5bf000 r--p 00020000 08:03 7893175                    /usr/lib/libGLX.so.0.0.0
7fc95e5bf000-7fc95e5c0000 rw-p 00021000 08:03 7893175                    /usr/lib/libGLX.so.0.0.0
7fc95e5c0000-7fc95e5d0000 rw-p 00000000 00:00 0 
7fc95e5d0000-7fc95e611000 r--p 00000000 08:03 7914438                    /usr/lib/libGLdispatch.so.0.0.0
7fc95e611000-7fc95e64f000 r-xp 00041000 08:03 7914438                    /usr/lib/libGLdispatch.so.0.0.0
7fc95e64f000-7fc95e662000 r--p 0007f000 08:03 7914438                    /usr/lib/libGLdispatch.so.0.0.0
7fc95e662000-7fc95e663000 ---p 00092000 08:03 7914438                    /usr/lib/libGLdispatch.so.0.0.0
7fc95e663000-7fc95e67f000 r--p 00092000 08:03 7914438                    /usr/lib/libGLdispatch.so.0.0.0
7fc95e67f000-7fc95e680000 rw-p 000ae000 08:03 7914438                    /usr/lib/libGLdispatch.so.0.0.0
7fc95e680000-7fc95e688000 rw-p 00000000 00:00 0 
7fc95e688000-7fc95e68c000 r--p 00000000 08:03 7892890                    /usr/lib/libXext.so.6.4.0
7fc95e68c000-7fc95e697000 r-xp 00004000 08:03 7892890                    /usr/lib/libXext.so.6.4.0
7fc95e697000-7fc95e69b000 r--p 0000f000 08:03 7892890                    /usr/lib/libXext.so.6.4.0
7fc95e69b000-7fc95e69c000 r--p 00012000 08:03 7892890                    /usr/lib/libXext.so.6.4.0
7fc95e69c000-7fc95e69d000 rw-p 00013000 08:03 7892890                    /usr/lib/libXext.so.6.4.0
7fc95e69d000-7fc95e6a9000 r--p 00000000 08:03 7889691                    /usr/lib/libxcb.so.1.1.0
7fc95e6a9000-7fc95e6bc000 r-xp 0000c000 08:03 7889691                    /usr/lib/libxcb.so.1.1.0
7fc95e6bc000-7fc95e6c5000 r--p 0001f000 08:03 7889691                    /usr/lib/libxcb.so.1.1.0
7fc95e6c5000-7fc95e6c6000 r--p 00027000 08:03 7889691                    /usr/lib/libxcb.so.1.1.0
7fc95e6c6000-7fc95e6c7000 rw-p 00028000 08:03 7889691                    /usr/lib/libxcb.so.1.1.0
7fc95e6c7000-7fc95e709000 r--p 00000000 08:03 7893163                    /usr/lib/libGL.so.1.7.0
7fc95e709000-7fc95e728000 r-xp 00042000 08:03 7893163                    /usr/lib/libGL.so.1.7.0
7fc95e728000-7fc95e73d000 r--p 00061000 08:03 7893163                    /usr/lib/libGL.so.1.7.0
7fc95e73d000-7fc95e74b000 r--p 00075000 08:03 7893163                    /usr/lib/libGL.so.1.7.0
7fc95e74b000-7fc95e74c000 rw-p 00083000 08:03 7893163                    /usr/lib/libGL.so.1.7.0
7fc95e74c000-7fc95e74d000 rw-p 00000000 00:00 0 
7fc95e74d000-7fc95e74e000 r--p 00000000 08:03 7893025                    /usr/lib/libXxf86vm.so.1.0.0
7fc95e74e000-7fc95e751000 r-xp 00001000 08:03 7893025                    /usr/lib/libXxf86vm.so.1.0.0
7fc95e751000-7fc95e752000 r--p 00004000 08:03 7893025                    /usr/lib/libXxf86vm.so.1.0.0
7fc95e752000-7fc95e753000 r--p 00004000 08:03 7893025                    /usr/lib/libXxf86vm.so.1.0.0
7fc95e753000-7fc95e754000 rw-p 00005000 08:03 7893025                    /usr/lib/libXxf86vm.so.1.0.0
7fc95e754000-7fc95e770000 r--p 00000000 08:03 7891995                    /usr/lib/libX11.so.6.4.0
7fc95e770000-7fc95e7fa000 r-xp 0001c000 08:03 7891995                    /usr/lib/libX11.so.6.4.0
7fc95e7fa000-7fc95e88e000 r--p 000a6000 08:03 7891995                    /usr/lib/libX11.so.6.4.0
7fc95e88e000-7fc95e891000 r--p 00139000 08:03 7891995                    /usr/lib/libX11.so.6.4.0
7fc95e891000-7fc95e895000 rw-p 0013c000 08:03 7891995                    /usr/lib/libX11.so.6.4.0
7fc95e898000-7fc95e8a8000 rw-s 105e16000 00:05 424                       /dev/dri/renderD128
7fc95e8a8000-7fc95e8b8000 rw-s 10d6f7000 00:05 424                       /dev/dri/renderD128
7fc95e8b8000-7fc95e8c4000 r-xp 00000000 08:03 21234307                   /home/pallas/.jdks/corretto-1.8.0_282/jre/lib/amd64/libprism_es2.so
7fc95e8c4000-7fc95eac3000 ---p 0000c000 08:03 21234307                   /home/pallas/.jdks/corretto-1.8.0_282/jre/lib/amd64/libprism_es2.so
7fc95eac3000-7fc95eac4000 r--p 0000b000 08:03 21234307                   /home/pallas/.jdks/corretto-1.8.0_282/jre/lib/amd64/libprism_es2.so
7fc95eac4000-7fc95eac5000 rw-p 0000c000 08:03 21234307                   /home/pallas/.jdks/corretto-1.8.0_282/jre/lib/amd64/libprism_es2.so
7fc95eac5000-7fc95eac8000 ---p 00000000 00:00 0 
7fc95eac8000-7fc95ebc6000 rw-p 00000000 00:00 0 
7fc95ebc6000-7fc95ebc9000 ---p 00000000 00:00 0 
7fc95ebc9000-7fc95ecc7000 rw-p 00000000 00:00 0 
7fc95edb8000-7fc95edc8000 rw-s 10716e000 00:05 424                       /dev/dri/renderD128
7fc95edc8000-7fc95edcb000 ---p 00000000 00:00 0 
7fc95edcb000-7fc95eec9000 rw-p 00000000 00:00 0 
7fc95eec9000-7fc95eeca000 ---p 00000000 00:00 0 
7fc95eeca000-7fc95eecd000 ---p 00000000 00:00 0 
7fc95eecd000-7fc95efca000 rw-p 00000000 00:00 0 
7fc95efca000-7fc95efcb000 ---p 00000000 00:00 0 
7fc95efcb000-7fc95efce000 ---p 00000000 00:00 0 
7fc95efce000-7fc95f0cb000 rw-p 00000000 00:00 0 
7fc95f0cb000-7fc95f0cc000 ---p 00000000 00:00 0 
7fc95f0cc000-7fc95f0cf000 ---p 00000000 00:00 0 
7fc95f0cf000-7fc95f1cc000 rw-p 00000000 00:00 0 
7fc95f1cc000-7fc95f1cf000 ---p 00000000 00:00 0 
7fc95f1cf000-7fc95f2cd000 rw-p 00000000 00:00 0 
7fc95f2cd000-7fc95f2e5000 r-xp 00000000 08:03 21234284                   /home/pallas/.jdks/corretto-1.8.0_282/jre/lib/amd64/libnet.so
7fc95f2e5000-7fc95f4e4000 ---p 00018000 08:03 21234284                   /home/pallas/.jdks/corretto-1.8.0_282/jre/lib/amd64/libnet.so
7fc95f4e4000-7fc95f4e5000 r--p 00017000 08:03 21234284                   /home/pallas/.jdks/corretto-1.8.0_282/jre/lib/amd64/libnet.so
7fc95f4e5000-7fc95f4e6000 rw-p 00018000 08:03 21234284                   /home/pallas/.jdks/corretto-1.8.0_282/jre/lib/amd64/libnet.so
7fc95f4e6000-7fc95f4f7000 r-xp 00000000 08:03 21234294                   /home/pallas/.jdks/corretto-1.8.0_282/jre/lib/amd64/libnio.so
7fc95f4f7000-7fc95f6f7000 ---p 00011000 08:03 21234294                   /home/pallas/.jdks/corretto-1.8.0_282/jre/lib/amd64/libnio.so
7fc95f6f7000-7fc95f6f8000 r--p 00011000 08:03 21234294                   /home/pallas/.jdks/corretto-1.8.0_282/jre/lib/amd64/libnio.so
7fc95f6f8000-7fc95f6f9000 rw-p 00012000 08:03 21234294                   /home/pallas/.jdks/corretto-1.8.0_282/jre/lib/amd64/libnio.so
7fc95f6f9000-7fc95f713000 r--s 00234000 08:03 21233894                   /home/pallas/IdeaProjects/proyecto-desarrollo-software/src/mysql-connector-java-8.0.23.jar
7fc95f713000-7fc95f716000 ---p 00000000 00:00 0 
7fc95f716000-7fc95f814000 rw-p 00000000 00:00 0 
7fc95f814000-7fc95fafb000 r--p 00000000 08:03 7914722                    /usr/lib/locale/locale-archive
7fc95fafb000-7fc95fafe000 ---p 00000000 00:00 0 
7fc95fafe000-7fc95fbfc000 rw-p 00000000 00:00 0 
7fc95fbfc000-7fc95fbff000 ---p 00000000 00:00 0 
7fc95fbff000-7fc95fcfd000 rw-p 00000000 00:00 0 
7fc95fcfd000-7fc95fcfe000 ---p 00000000 00:00 0 
7fc95fcfe000-7fc960000000 rw-p 00000000 00:00 0 
7fc960000000-7fc960021000 rw-p 00000000 00:00 0 
7fc960021000-7fc964000000 ---p 00000000 00:00 0 
7fc964001000-7fc964002000 rw-s 00000000 00:01 23301                      /memfd:xshmfence (deleted)
7fc964002000-7fc964003000 rwxp 00000000 00:00 0 
7fc964003000-7fc964009000 r--s 000d3000 08:03 21234379                   /home/pallas/.jdks/corretto-1.8.0_282/jre/lib/jfr.jar
7fc964009000-7fc96400b000 r--s 0001d000 08:03 19531747                   /home/pallas/idea-IC-211.6693.111/lib/idea_rt.jar
7fc96400b000-7fc964011000 r--s 0004a000 08:03 21241126                   /home/pallas/IdeaProjects/proyecto-desarrollo-software/src/commons-io-2.9.0.jar
7fc964011000-7fc964024000 r--s 0034b000 08:03 21234381                   /home/pallas/.jdks/corretto-1.8.0_282/jre/lib/resources.jar
7fc964024000-7fc964025000 r--s 00000000 08:03 21234376                   /home/pallas/.jdks/corretto-1.8.0_282/jre/lib/management-agent.jar
7fc964025000-7fc964036000 r--s 001bc000 08:03 21234382                   /home/pallas/.jdks/corretto-1.8.0_282/jre/lib/jsse.jar
7fc964036000-7fc964038000 r--s 00007000 08:03 21234384                   /home/pallas/.jdks/corretto-1.8.0_282/jre/lib/jfxswt.jar
7fc964038000-7fc96403e000 r--s 000d3000 08:03 21234379                   /home/pallas/.jdks/corretto-1.8.0_282/jre/lib/jfr.jar
7fc96403e000-7fc9640d4000 r--s 007cf000 08:03 21234370                   /home/pallas/.jdks/corretto-1.8.0_282/jre/lib/ext/jfxrt.jar
7fc9640d4000-7fc964e2f000 rw-p 00000000 00:00 0 
7fc964e2f000-7fc965000000 r--s 03c97000 08:03 21234380                   /home/pallas/.jdks/corretto-1.8.0_282/jre/lib/rt.jar
7fc965000000-7fc965270000 rwxp 00000000 00:00 0 
7fc965270000-7fc974000000 ---p 00000000 00:00 0 
7fc974000000-7fc97459c000 rw-p 00000000 00:00 0 
7fc97459c000-7fc978000000 ---p 00000000 00:00 0 
7fc978000000-7fc978002000 r--s 00016000 08:03 21234374                   /home/pallas/.jdks/corretto-1.8.0_282/jre/lib/jce.jar
7fc978002000-7fc978217000 rw-p 00000000 00:00 0 
7fc978217000-7fc978218000 ---p 00000000 00:00 0 
7fc978218000-7fc978318000 rw-p 00000000 00:00 0 
7fc978318000-7fc978319000 ---p 00000000 00:00 0 
7fc978319000-7fc978419000 rw-p 00000000 00:00 0 
7fc978419000-7fc97841a000 ---p 00000000 00:00 0 
7fc97841a000-7fc97851a000 rw-p 00000000 00:00 0 
7fc97851a000-7fc97851b000 ---p 00000000 00:00 0 
7fc97851b000-7fc97862d000 rw-p 00000000 00:00 0 
7fc97862d000-7fc978737000 ---p 00000000 00:00 0 
7fc978737000-7fc978749000 rw-p 00000000 00:00 0 
7fc978749000-7fc978852000 ---p 00000000 00:00 0 
7fc978852000-7fc97885c000 rw-p 00000000 00:00 0 
7fc97885c000-7fc9788e0000 ---p 00000000 00:00 0 
7fc9788e0000-7fc9788eb000 rw-p 00000000 00:00 0 
7fc9788eb000-7fc978ca1000 ---p 00000000 00:00 0 
7fc978ca1000-7fc978cbc000 r-xp 00000000 08:03 21234285                   /home/pallas/.jdks/corretto-1.8.0_282/jre/lib/amd64/libzip.so
7fc978cbc000-7fc978ebb000 ---p 0001b000 08:03 21234285                   /home/pallas/.jdks/corretto-1.8.0_282/jre/lib/amd64/libzip.so
7fc978ebb000-7fc978ebc000 r--p 0001a000 08:03 21234285                   /home/pallas/.jdks/corretto-1.8.0_282/jre/lib/amd64/libzip.so
7fc978ebc000-7fc978ebd000 rw-p 0001b000 08:03 21234285                   /home/pallas/.jdks/corretto-1.8.0_282/jre/lib/amd64/libzip.so
7fc978ebd000-7fc978ec7000 r-xp 00000000 08:03 21234287                   /home/pallas/.jdks/corretto-1.8.0_282/jre/lib/amd64/libinstrument.so
7fc978ec7000-7fc9790c6000 ---p 0000a000 08:03 21234287                   /home/pallas/.jdks/corretto-1.8.0_282/jre/lib/amd64/libinstrument.so
7fc9790c6000-7fc9790c7000 r--p 00009000 08:03 21234287                   /home/pallas/.jdks/corretto-1.8.0_282/jre/lib/amd64/libinstrument.so
7fc9790c7000-7fc9790c8000 rw-p 0000a000 08:03 21234287                   /home/pallas/.jdks/corretto-1.8.0_282/jre/lib/amd64/libinstrument.so
7fc9790c8000-7fc9790f2000 r-xp 00000000 08:03 21234280                   /home/pallas/.jdks/corretto-1.8.0_282/jre/lib/amd64/libjava.so
7fc9790f2000-7fc9792f1000 ---p 0002a000 08:03 21234280                   /home/pallas/.jdks/corretto-1.8.0_282/jre/lib/amd64/libjava.so
7fc9792f1000-7fc9792f2000 r--p 00029000 08:03 21234280                   /home/pallas/.jdks/corretto-1.8.0_282/jre/lib/amd64/libjava.so
7fc9792f2000-7fc9792f4000 rw-p 0002a000 08:03 21234280                   /home/pallas/.jdks/corretto-1.8.0_282/jre/lib/amd64/libjava.so
7fc9792f4000-7fc979305000 r-xp 00000000 08:03 21234270                   /home/pallas/.jdks/corretto-1.8.0_282/jre/lib/amd64/libverify.so
7fc979305000-7fc979504000 ---p 00011000 08:03 21234270                   /home/pallas/.jdks/corretto-1.8.0_282/jre/lib/amd64/libverify.so
7fc979504000-7fc979506000 r--p 00010000 08:03 21234270                   /home/pallas/.jdks/corretto-1.8.0_282/jre/lib/amd64/libverify.so
7fc979506000-7fc979507000 rw-p 00012000 08:03 21234270                   /home/pallas/.jdks/corretto-1.8.0_282/jre/lib/amd64/libverify.so
7fc979507000-7fc97950a000 r--p 00000000 08:03 7867815                    /usr/lib/librt-2.33.so
7fc97950a000-7fc97950e000 r-xp 00003000 08:03 7867815                    /usr/lib/librt-2.33.so
7fc97950e000-7fc979510000 r--p 00007000 08:03 7867815                    /usr/lib/librt-2.33.so
7fc979510000-7fc979511000 r--p 00008000 08:03 7867815                    /usr/lib/librt-2.33.so
7fc979511000-7fc979512000 rw-p 00009000 08:03 7867815                    /usr/lib/librt-2.33.so
7fc979512000-7fc979513000 ---p 00000000 00:00 0 
7fc979513000-7fc979516000 ---p 00000000 00:00 0 
7fc979516000-7fc979613000 rw-p 00000000 00:00 0 
7fc979613000-7fc979622000 r--p 00000000 08:03 7867774                    /usr/lib/libm-2.33.so
7fc979622000-7fc9796bc000 r-xp 0000f000 08:03 7867774                    /usr/lib/libm-2.33.so
7fc9796bc000-7fc979754000 r--p 000a9000 08:03 7867774                    /usr/lib/libm-2.33.so
7fc979754000-7fc979755000 ---p 00141000 08:03 7867774                    /usr/lib/libm-2.33.so
7fc979755000-7fc979756000 r--p 00141000 08:03 7867774                    /usr/lib/libm-2.33.so
7fc979756000-7fc979757000 rw-p 00142000 08:03 7867774                    /usr/lib/libm-2.33.so
7fc979757000-7fc97a4af000 r-xp 00000000 08:03 21234264                   /home/pallas/.jdks/corretto-1.8.0_282/jre/lib/amd64/server/libjvm.so
7fc97a4af000-7fc97a6ae000 ---p 00d58000 08:03 21234264                   /home/pallas/.jdks/corretto-1.8.0_282/jre/lib/amd64/server/libjvm.so
7fc97a6ae000-7fc97a745000 r--p 00d57000 08:03 21234264                   /home/pallas/.jdks/corretto-1.8.0_282/jre/lib/amd64/server/libjvm.so
7fc97a745000-7fc97a76e000 rw-p 00dee000 08:03 21234264                   /home/pallas/.jdks/corretto-1.8.0_282/jre/lib/amd64/server/libjvm.so
7fc97a76e000-7fc97a7a3000 rw-p 00000000 00:00 0 
7fc97a7a3000-7fc97a7c9000 r--p 00000000 08:03 7867759                    /usr/lib/libc-2.33.so
7fc97a7c9000-7fc97a914000 r-xp 00026000 08:03 7867759                    /usr/lib/libc-2.33.so
7fc97a914000-7fc97a960000 r--p 00171000 08:03 7867759                    /usr/lib/libc-2.33.so
7fc97a960000-7fc97a963000 r--p 001bc000 08:03 7867759                    /usr/lib/libc-2.33.so
7fc97a963000-7fc97a966000 rw-p 001bf000 08:03 7867759                    /usr/lib/libc-2.33.so
7fc97a966000-7fc97a96f000 rw-p 00000000 00:00 0 
7fc97a96f000-7fc97a971000 r--p 00000000 08:03 7867767                    /usr/lib/libdl-2.33.so
7fc97a971000-7fc97a973000 r-xp 00002000 08:03 7867767                    /usr/lib/libdl-2.33.so
7fc97a973000-7fc97a974000 r--p 00004000 08:03 7867767                    /usr/lib/libdl-2.33.so
7fc97a974000-7fc97a975000 r--p 00004000 08:03 7867767                    /usr/lib/libdl-2.33.so
7fc97a975000-7fc97a976000 rw-p 00005000 08:03 7867767                    /usr/lib/libdl-2.33.so
7fc97a976000-7fc97a98d000 r-xp 00000000 08:03 21234392                   /home/pallas/.jdks/corretto-1.8.0_282/lib/amd64/jli/libjli.so
7fc97a98d000-7fc97ab8c000 ---p 00017000 08:03 21234392                   /home/pallas/.jdks/corretto-1.8.0_282/lib/amd64/jli/libjli.so
7fc97ab8c000-7fc97ab8d000 r--p 00016000 08:03 21234392                   /home/pallas/.jdks/corretto-1.8.0_282/lib/amd64/jli/libjli.so
7fc97ab8d000-7fc97ab8e000 rw-p 00017000 08:03 21234392                   /home/pallas/.jdks/corretto-1.8.0_282/lib/amd64/jli/libjli.so
7fc97ab8e000-7fc97ab95000 r--p 00000000 08:03 7867807                    /usr/lib/libpthread-2.33.so
7fc97ab95000-7fc97aba4000 r-xp 00007000 08:03 7867807                    /usr/lib/libpthread-2.33.so
7fc97aba4000-7fc97aba8000 r--p 00016000 08:03 7867807                    /usr/lib/libpthread-2.33.so
7fc97aba8000-7fc97aba9000 ---p 0001a000 08:03 7867807                    /usr/lib/libpthread-2.33.so
7fc97aba9000-7fc97abaa000 r--p 0001a000 08:03 7867807                    /usr/lib/libpthread-2.33.so
7fc97abaa000-7fc97abab000 rw-p 0001b000 08:03 7867807                    /usr/lib/libpthread-2.33.so
7fc97abab000-7fc97abb1000 rw-p 00000000 00:00 0 
7fc97abb1000-7fc97abb6000 r--s 002f9000 08:03 21234377                   /home/pallas/.jdks/corretto-1.8.0_282/jre/lib/charsets.jar
7fc97abb6000-7fc97abbe000 rw-s 00000000 00:23 1740                       /tmp/hsperfdata_pallas/53249 (deleted)
7fc97abbe000-7fc97abc1000 r--p 00000000 08:03 7867798                    /usr/lib/libnss_files-2.33.so
7fc97abc1000-7fc97abc8000 r-xp 00003000 08:03 7867798                    /usr/lib/libnss_files-2.33.so
7fc97abc8000-7fc97abca000 r--p 0000a000 08:03 7867798                    /usr/lib/libnss_files-2.33.so
7fc97abca000-7fc97abcb000 r--p 0000b000 08:03 7867798                    /usr/lib/libnss_files-2.33.so
7fc97abcb000-7fc97abcc000 rw-p 0000c000 08:03 7867798                    /usr/lib/libnss_files-2.33.so
7fc97abcc000-7fc97abd3000 rw-p 00000000 00:00 0 
7fc97abd3000-7fc97abd4000 ---p 00000000 00:00 0 
7fc97abd4000-7fc97abd5000 r--p 00000000 08:03 7867747                    /usr/lib/ld-2.33.so
7fc97abd5000-7fc97abf9000 r-xp 00001000 08:03 7867747                    /usr/lib/ld-2.33.so
7fc97abf9000-7fc97ac02000 r--p 00025000 08:03 7867747                    /usr/lib/ld-2.33.so
7fc97ac02000-7fc97ac04000 r--p 0002d000 08:03 7867747                    /usr/lib/ld-2.33.so
7fc97ac04000-7fc97ac06000 rw-p 0002f000 08:03 7867747                    /usr/lib/ld-2.33.so
7ffcf9efd000-7ffcf9f1e000 rw-p 00000000 00:00 0                          [stack]
7ffcf9fe5000-7ffcf9fe9000 r--p 00000000 00:00 0                          [vvar]
7ffcf9fe9000-7ffcf9feb000 r-xp 00000000 00:00 0                          [vdso]
ffffffffff600000-ffffffffff601000 --xp 00000000 00:00 0                  [vsyscall]

VM Arguments:
jvm_args: -javaagent:/home/pallas/idea-IC-211.6693.111/lib/idea_rt.jar=37419:/home/pallas/idea-IC-211.6693.111/bin -Dfile.encoding=UTF-8 
java_command: login.Main
java_class_path (initial): /home/pallas/.jdks/corretto-1.8.0_282/jre/lib/charsets.jar:/home/pallas/.jdks/corretto-1.8.0_282/jre/lib/ext/cldrdata.jar:/home/pallas/.jdks/corretto-1.8.0_282/jre/lib/ext/dnsns.jar:/home/pallas/.jdks/corretto-1.8.0_282/jre/lib/ext/jaccess.jar:/home/pallas/.jdks/corretto-1.8.0_282/jre/lib/ext/jfxrt.jar:/home/pallas/.jdks/corretto-1.8.0_282/jre/lib/ext/localedata.jar:/home/pallas/.jdks/corretto-1.8.0_282/jre/lib/ext/nashorn.jar:/home/pallas/.jdks/corretto-1.8.0_282/jre/lib/ext/sunec.jar:/home/pallas/.jdks/corretto-1.8.0_282/jre/lib/ext/sunjce_provider.jar:/home/pallas/.jdks/corretto-1.8.0_282/jre/lib/ext/sunpkcs11.jar:/home/pallas/.jdks/corretto-1.8.0_282/jre/lib/ext/zipfs.jar:/home/pallas/.jdks/corretto-1.8.0_282/jre/lib/jce.jar:/home/pallas/.jdks/corretto-1.8.0_282/jre/lib/jfr.jar:/home/pallas/.jdks/corretto-1.8.0_282/jre/lib/jfxswt.jar:/home/pallas/.jdks/corretto-1.8.0_282/jre/lib/jsse.jar:/home/pallas/.jdks/corretto-1.8.0_282/jre/lib/management-agent.jar:/home/pallas/.jdks/corretto-1.8.0_282/jre/lib/resources.jar:/home/pallas/.jdks/corretto-1.8.0_282/jre/lib/rt.jar:/home/pallas/IdeaProjects/proyecto-desarrollo-software/out/production/renshuu:/home/pallas/IdeaProjects/proyecto-desarrollo-software/src/mysql-connector-java-8.0.23.jar:/home/pallas/IdeaProjects/proyecto-desarrollo-software/src/commons-io-2.9.0.jar:/home/pallas/idea-IC-211.6693.111/lib/idea_rt.jar
Launcher Type: SUN_STANDARD

Environment Variables:
PATH=/usr/local/bin:/usr/bin:/bin:/usr/local/sbin:/usr/lib/jvm/default/bin:/usr/bin/site_perl:/usr/bin/vendor_perl:/usr/bin/core_perl:/var/lib/snapd/snap/bin:/usr/lib/dart/bin
SHELL=/bin/fish
DISPLAY=:0

Signal Handlers:
SIGSEGV: [libjvm.so+0xb324b0], sa_mask[0]=11111111011111111101111111111110, sa_flags=SA_RESTART|SA_SIGINFO
SIGBUS: [libjvm.so+0xb324b0], sa_mask[0]=11111111011111111101111111111110, sa_flags=SA_RESTART|SA_SIGINFO
SIGFPE: [libjvm.so+0x95a060], sa_mask[0]=11111111011111111101111111111110, sa_flags=SA_RESTART|SA_SIGINFO
SIGPIPE: [libjvm.so+0x95a060], sa_mask[0]=11111111011111111101111111111110, sa_flags=SA_RESTART|SA_SIGINFO
SIGXFSZ: [libjvm.so+0x95a060], sa_mask[0]=11111111011111111101111111111110, sa_flags=SA_RESTART|SA_SIGINFO
SIGILL: [libjvm.so+0x95a060], sa_mask[0]=11111111011111111101111111111110, sa_flags=SA_RESTART|SA_SIGINFO
SIGUSR1: SIG_DFL, sa_mask[0]=00000000000000000000000000000000, sa_flags=none
SIGUSR2: [libjvm.so+0x959f30], sa_mask[0]=00100000000000000000000000000000, sa_flags=SA_RESTART|SA_SIGINFO
SIGHUP: [libjvm.so+0x95a550], sa_mask[0]=11111111011111111101111111111110, sa_flags=SA_RESTART|SA_SIGINFO
SIGINT: [libjvm.so+0x95a550], sa_mask[0]=11111111011111111101111111111110, sa_flags=SA_RESTART|SA_SIGINFO
SIGTERM: [libjvm.so+0x95a550], sa_mask[0]=11111111011111111101111111111110, sa_flags=SA_RESTART|SA_SIGINFO
SIGQUIT: [libjvm.so+0x95a550], sa_mask[0]=11111111011111111101111111111110, sa_flags=SA_RESTART|SA_SIGINFO


---------------  S Y S T E M  ---------------

OS:LSB_VERSION=1.4
DISTRIB_ID=Arch
DISTRIB_RELEASE=rolling
DISTRIB_DESCRIPTION="Arch Linux"

uname:Linux 5.12.6-arch1-1 #1 SMP PREEMPT Sun, 23 May 2021 00:45:50 +0000 x86_64
libc:glibc 2.33 NPTL 2.33 
rlimit: STACK 8192k, CORE infinity, NPROC 13518, NOFILE 524288, AS infinity
load average:1.41 0.97 0.82

/proc/meminfo:
MemTotal:        3475712 kB
MemFree:          113852 kB
MemAvailable:     365580 kB
Buffers:           18952 kB
Cached:           393028 kB
SwapCached:       233496 kB
Active:          1221460 kB
Inactive:         971372 kB
Active(anon):     987656 kB
Inactive(anon):   850652 kB
Active(file):     233804 kB
Inactive(file):   120720 kB
Unevictable:          96 kB
Mlocked:              96 kB
SwapTotal:       3145724 kB
SwapFree:        1602928 kB
Dirty:                60 kB
Writeback:             8 kB
AnonPages:       1632344 kB
Mapped:           261132 kB
Shmem:             57404 kB
KReclaimable:     186780 kB
Slab:             312860 kB
SReclaimable:     186780 kB
SUnreclaim:       126080 kB
KernelStack:       11504 kB
PageTables:        30952 kB
NFS_Unstable:          0 kB
Bounce:                0 kB
WritebackTmp:          0 kB
CommitLimit:     4883580 kB
Committed_AS:    8441648 kB
VmallocTotal:   34359738367 kB
VmallocUsed:       51540 kB
VmallocChunk:          0 kB
Percpu:             2224 kB
HardwareCorrupted:     0 kB
AnonHugePages:         0 kB
ShmemHugePages:        0 kB
ShmemPmdMapped:        0 kB
FileHugePages:         0 kB
FilePmdMapped:         0 kB
CmaTotal:              0 kB
CmaFree:               0 kB
HugePages_Total:       0
HugePages_Free:        0
HugePages_Rsvd:        0
HugePages_Surp:        0
Hugepagesize:       2048 kB
Hugetlb:               0 kB
DirectMap4k:      910848 kB
DirectMap2M:     2727936 kB
DirectMap1G:           0 kB


CPU:total 4 (initial active 4) (4 cores per cpu, 1 threads per core) family 22 model 0 stepping 1, cmov, cx8, fxsr, mmx, sse, sse2, sse3, ssse3, sse4.1, sse4.2, popcnt, avx, aes, clmul, mmxext, 3dnowpref, lzcnt, sse4a, tsc, tscinvbit, tscinv, bmi1

/proc/cpuinfo:
processor	: 0
vendor_id	: AuthenticAMD
cpu family	: 22
model		: 0
model name	: AMD A6-5200 APU with Radeon(TM) HD Graphics
stepping	: 1
microcode	: 0x700010f
cpu MHz		: 800.000
cache size	: 2048 KB
physical id	: 0
siblings	: 4
core id		: 0
cpu cores	: 4
apicid		: 0
initial apicid	: 0
fpu		: yes
fpu_exception	: yes
cpuid level	: 13
wp		: yes
flags		: fpu vme de pse tsc msr pae mce cx8 apic sep mtrr pge mca cmov pat pse36 clflush mmx fxsr sse sse2 ht syscall nx mmxext fxsr_opt pdpe1gb rdtscp lm constant_tsc rep_good nopl nonstop_tsc cpuid extd_apicid aperfmperf pni pclmulqdq monitor ssse3 cx16 sse4_1 sse4_2 movbe popcnt aes xsave avx f16c lahf_lm cmp_legacy svm extapic cr8_legacy abm sse4a misalignsse 3dnowprefetch osvw ibs skinit wdt topoext perfctr_nb bpext perfctr_llc hw_pstate proc_feedback ssbd vmmcall bmi1 xsaveopt arat npt lbrv svm_lock nrip_save tsc_scale flushbyasid decodeassists pausefilter pfthreshold overflow_recov
bugs		: fxsave_leak sysret_ss_attrs null_seg spectre_v1 spectre_v2 spec_store_bypass
bogomips	: 3994.93
TLB size	: 1024 4K pages
clflush size	: 64
cache_alignment	: 64
address sizes	: 40 bits physical, 48 bits virtual
power management: ts ttp tm 100mhzsteps hwpstate proc_feedback

processor	: 1
vendor_id	: AuthenticAMD
cpu family	: 22
model		: 0
model name	: AMD A6-5200 APU with Radeon(TM) HD Graphics
stepping	: 1
microcode	: 0x700010f
cpu MHz		: 800.000
cache size	: 2048 KB
physical id	: 0
siblings	: 4
core id		: 1
cpu cores	: 4
apicid		: 1
initial apicid	: 1
fpu		: yes
fpu_exception	: yes
cpuid level	: 13
wp		: yes
flags		: fpu vme de pse tsc msr pae mce cx8 apic sep mtrr pge mca cmov pat pse36 clflush mmx fxsr sse sse2 ht syscall nx mmxext fxsr_opt pdpe1gb rdtscp lm constant_tsc rep_good nopl nonstop_tsc cpuid extd_apicid aperfmperf pni pclmulqdq monitor ssse3 cx16 sse4_1 sse4_2 movbe popcnt aes xsave avx f16c lahf_lm cmp_legacy svm extapic cr8_legacy abm sse4a misalignsse 3dnowprefetch osvw ibs skinit wdt topoext perfctr_nb bpext perfctr_llc hw_pstate proc_feedback ssbd vmmcall bmi1 xsaveopt arat npt lbrv svm_lock nrip_save tsc_scale flushbyasid decodeassists pausefilter pfthreshold overflow_recov
bugs		: fxsave_leak sysret_ss_attrs null_seg spectre_v1 spectre_v2 spec_store_bypass
bogomips	: 3994.93
TLB size	: 1024 4K pages
clflush size	: 64
cache_alignment	: 64
address sizes	: 40 bits physical, 48 bits virtual
power management: ts ttp tm 100mhzsteps hwpstate proc_feedback

processor	: 2
vendor_id	: AuthenticAMD
cpu family	: 22
model		: 0
model name	: AMD A6-5200 APU with Radeon(TM) HD Graphics
stepping	: 1
microcode	: 0x700010f
cpu MHz		: 800.000
cache size	: 2048 KB
physical id	: 0
siblings	: 4
core id		: 2
cpu cores	: 4
apicid		: 2
initial apicid	: 2
fpu		: yes
fpu_exception	: yes
cpuid level	: 13
wp		: yes
flags		: fpu vme de pse tsc msr pae mce cx8 apic sep mtrr pge mca cmov pat pse36 clflush mmx fxsr sse sse2 ht syscall nx mmxext fxsr_opt pdpe1gb rdtscp lm constant_tsc rep_good nopl nonstop_tsc cpuid extd_apicid aperfmperf pni pclmulqdq monitor ssse3 cx16 sse4_1 sse4_2 movbe popcnt aes xsave avx f16c lahf_lm cmp_legacy svm extapic cr8_legacy abm sse4a misalignsse 3dnowprefetch osvw ibs skinit wdt topoext perfctr_nb bpext perfctr_llc hw_pstate proc_feedback ssbd vmmcall bmi1 xsaveopt arat npt lbrv svm_lock nrip_save tsc_scale flushbyasid decodeassists pausefilter pfthreshold overflow_recov
bugs		: fxsave_leak sysret_ss_attrs null_seg spectre_v1 spectre_v2 spec_store_bypass
bogomips	: 3994.93
TLB size	: 1024 4K pages
clflush size	: 64
cache_alignment	: 64
address sizes	: 40 bits physical, 48 bits virtual
power management: ts ttp tm 100mhzsteps hwpstate proc_feedback

processor	: 3
vendor_id	: AuthenticAMD
cpu family	: 22
model		: 0
model name	: AMD A6-5200 APU with Radeon(TM) HD Graphics
stepping	: 1
microcode	: 0x700010f
cpu MHz		: 800.977
cache size	: 2048 KB
physical id	: 0
siblings	: 4
core id		: 3
cpu cores	: 4
apicid		: 3
initial apicid	: 3
fpu		: yes
fpu_exception	: yes
cpuid level	: 13
wp		: yes
flags		: fpu vme de pse tsc msr pae mce cx8 apic sep mtrr pge mca cmov pat pse36 clflush mmx fxsr sse sse2 ht syscall nx mmxext fxsr_opt pdpe1gb rdtscp lm constant_tsc rep_good nopl nonstop_tsc cpuid extd_apicid aperfmperf pni pclmulqdq monitor ssse3 cx16 sse4_1 sse4_2 movbe popcnt aes xsave avx f16c lahf_lm cmp_legacy svm extapic cr8_legacy abm sse4a misalignsse 3dnowprefetch osvw ibs skinit wdt topoext perfctr_nb bpext perfctr_llc hw_pstate proc_feedback ssbd vmmcall bmi1 xsaveopt arat npt lbrv svm_lock nrip_save tsc_scale flushbyasid decodeassists pausefilter pfthreshold overflow_recov
bugs		: fxsave_leak sysret_ss_attrs null_seg spectre_v1 spectre_v2 spec_store_bypass
bogomips	: 3994.93
TLB size	: 1024 4K pages
clflush size	: 64
cache_alignment	: 64
address sizes	: 40 bits physical, 48 bits virtual
power management: ts ttp tm 100mhzsteps hwpstate proc_feedback



Memory: 4k page, physical 3475712k(113600k free), swap 3145724k(1602928k free)

vm_info: OpenJDK 64-Bit Server VM (25.282-b08) for linux-amd64 JRE (1.8.0_282-b08), built on Jan 14 2021 07:18:50 by "jenkins" with gcc 7.3.1 20180303 (Red Hat 7.3.1-5)

time: Tue Jun  1 18:17:54 2021
timezone: CDT
elapsed time: 12.893518 seconds (0d 0h 0m 12s)

